[debug] [2023-01-26T15:25:08.115Z] ----------------------------------------------------------------------
[debug] [2023-01-26T15:25:08.117Z] Command:       C:\Program Files\nodejs\node.exe C:\Users\ankit\AppData\Roaming\npm\node_modules\firebase-tools\lib\bin\firebase.js init
[debug] [2023-01-26T15:25:08.117Z] CLI Version:   11.21.0
[debug] [2023-01-26T15:25:08.117Z] Platform:      win32
[debug] [2023-01-26T15:25:08.117Z] Node Version:  v16.15.1
[debug] [2023-01-26T15:25:08.118Z] Time:          Thu Jan 26 2023 20:55:08 GMT+0530 (India Standard Time)
[debug] [2023-01-26T15:25:08.118Z] ----------------------------------------------------------------------
[debug] 
[debug] [2023-01-26T15:25:08.171Z] > command requires scopes: ["email","openid","https://www.googleapis.com/auth/cloudplatformprojects.readonly","https://www.googleapis.com/auth/firebase","https://www.googleapis.com/auth/cloud-platform"]
[debug] [2023-01-26T15:25:08.172Z] > authorizing via signed-in user (akashthakur70423@gmail.com)
[info] 
     ######## #### ########  ######## ########     ###     ######  ########
     ##        ##  ##     ## ##       ##     ##  ##   ##  ##       ##
     ######    ##  ########  ######   ########  #########  ######  ######
     ##        ##  ##    ##  ##       ##     ## ##     ##       ## ##
     ##       #### ##     ## ######## ########  ##     ##  ######  ########

You're about to initialize a Firebase project in this directory:

  C:\Users\ankit\OneDrive\Desktop\Sahil Sir GitHub\react-challenge-amazon-clone

Before we get started, keep in mind:

  * You are initializing within an existing Firebase project directory

[info] 
=== Project Setup
[info] 
[info] First, let's associate this project directory with a Firebase project.
[info] You can create multiple project aliases by running firebase use --add, 
[info] but for now we'll just set up a default project.
[info] 
[debug] [2023-01-26T15:25:17.354Z] Using project from CLI flag: challenge-4b2b2
[debug] [2023-01-26T15:25:17.356Z] >>> [apiv2][query] GET https://firebase.googleapis.com/v1beta1/projects/challenge-4b2b2 [none]
[debug] [2023-01-26T15:25:17.862Z] <<< [apiv2][status] GET https://firebase.googleapis.com/v1beta1/projects/challenge-4b2b2 403
[debug] [2023-01-26T15:25:17.862Z] <<< [apiv2][body] GET https://firebase.googleapis.com/v1beta1/projects/challenge-4b2b2 {"error":{"code":403,"message":"The caller does not have permission","status":"PERMISSION_DENIED"}}
[debug] [2023-01-26T15:25:17.862Z] HTTP Error: 403, The caller does not have permission
[debug] [2023-01-26T15:25:18.023Z] FirebaseError: HTTP Error: 403, The caller does not have permission
    at responseToError (C:\Users\ankit\AppData\Roaming\npm\node_modules\firebase-tools\lib\responseToError.js:49:12)
    at RetryOperation._fn (C:\Users\ankit\AppData\Roaming\npm\node_modules\firebase-tools\lib\apiv2.js:288:77)
    at processTicksAndRejections (node:internal/process/task_queues:96:5)
[error] 
[error] Error: Failed to get Firebase project challenge-4b2b2. Please make sure the project exists and your account has permission to access it.
